#
# A fatal error has been detected by the Java Runtime Environment:
#
#  EXCEPTION_ACCESS_VIOLATION (0xc0000005) at pc=0x0000000011eb6d3e, pid=1288, tid=5684
#
# JRE version: Java(TM) SE Runtime Environment (7.0_71-b14) (build 1.7.0_71-b14)
# Java VM: Java HotSpot(TM) 64-Bit Server VM (24.71-b01 mixed mode windows-amd64 compressed oops)
# Problematic frame:
# C  [ig75icd64.dll+0x206d3e]
#
# Failed to write core dump. Minidumps are not enabled by default on client versions of Windows
#
# If you would like to submit a bug report, please visit:
#   http://bugreport.sun.com/bugreport/crash.jsp
# The crash happened outside the Java Virtual Machine in native code.
# See problematic frame for where to report the bug.
#

---------------  T H R E A D  ---------------

Current thread (0x000000000289e000):  JavaThread "main" [_thread_in_native, id=5684, stack(0x00000000028a0000,0x00000000029a0000)]

siginfo: ExceptionCode=0xc0000005, reading address 0x0000000000000010

Registers:
RAX=0x00000000123c73b0, RBX=0x0000000017c66e90, RCX=0x0000000000000000, RDX=0x00000000124a8e80
RSP=0x000000000299ed60, RBP=0x00000000124a8e80, RSI=0x0000000000008b89, RDI=0x0000000017c66e90
R8 =0x0000000000000000, R9 =0x0000000000000000, R10=0x0000000000000000, R11=0x0000000068023900
R12=0x0000000000000000, R13=0x000000073cc4f520, R14=0x0000000000008b89, R15=0x000000000289e000
RIP=0x0000000011eb6d3e, EFLAGS=0x0000000000010246

Top of Stack: (sp=0x000000000299ed60)
0x000000000299ed60:   0000000000000000 0000000002ad3684
0x000000000299ed70:   000000073c2f43a0 000000000299edf8
0x000000000299ed80:   000000000f8203b0 0000000011de25f9
0x000000000299ed90:   000000000299eda8 000000000299edf0
0x000000000299eda0:   0000000002ac62d3 00000007c6eefcb8
0x000000000299edb0:   0000000014917e90 0000000011dda792
0x000000000299edc0:   0000000000000000 000000000299ee30
0x000000000299edd0:   000000000f8203b0 0000000000000000
0x000000000299ede0:   0000000014917e90 0000000011de2a80
0x000000000299edf0:   00000000124a8e80 000000000299ee78
0x000000000299ee00:   0000000002ac6215 0000000000000000
0x000000000299ee10:   00000000124a8f00 000000001253ba70
0x000000000299ee20:   0000000012521cb0 0000000011dda493
0x000000000299ee30:   0000000012521cb0 00000000124a8e80
0x000000000299ee40:   0000000000000013 000000000299ee90
0x000000000299ee50:   fffffffffffffffe 0000000012521cb0 

Instructions: (pc=0x0000000011eb6d3e)
0x0000000011eb6d1e:   00 00 49 8b 04 c2 48 39 90 b8 00 00 00 74 2b ff
0x0000000011eb6d2e:   c1 8b c1 49 3b c0 72 ea 4c 89 4b 50 48 89 53 58
0x0000000011eb6d3e:   49 8b 51 10 48 8d 4b 78 e8 45 e5 17 00 c6 83 20
0x0000000011eb6d4e:   01 00 00 01 48 83 c4 20 5b c3 8b c1 48 8d 0c c5 


Register to memory mapping:

RAX=0x00000000123c73b0 is an unknown value
RBX=0x0000000017c66e90 is an unknown value
RCX=0x0000000000000000 is an unknown value
RDX=0x00000000124a8e80 is an unknown value
RSP=0x000000000299ed60 is pointing into the stack for thread: 0x000000000289e000
RBP=0x00000000124a8e80 is an unknown value
RSI=0x0000000000008b89 is an unknown value
RDI=0x0000000017c66e90 is an unknown value
R8 =0x0000000000000000 is an unknown value
R9 =0x0000000000000000 is an unknown value
R10=0x0000000000000000 is an unknown value
R11=0x0000000068023900 is an unknown value
R12=0x0000000000000000 is an unknown value
R13=0x000000073cc4f520 is an oop
{method} 
 - klass: {other class}
R14=0x0000000000008b89 is an unknown value
R15=0x000000000289e000 is a thread


Stack: [0x00000000028a0000,0x00000000029a0000],  sp=0x000000000299ed60,  free space=1019k
Native frames: (J=compiled Java code, j=interpreted, Vv=VM code, C=native code)
C  [ig75icd64.dll+0x206d3e]

Java frames: (J=compiled Java code, j=interpreted, Vv=VM code)
j  org.lwjgl.opengl.GL20.nglGetProgramiv(IIJJ)V+0
j  org.lwjgl.opengl.GL20.glGetProgrami(II)I+27
j  egl.GLProgram.initAttributes()V+7
j  egl.GLProgram.quickCreateSource(Ljava/lang/String;Ljava/lang/String;Ljava/lang/String;Ljava/util/HashMap;)Legl/GLProgram;+57
j  cs4620.gl.RenderMaterial.loadShaders(Lcs4620/gl/RenderEnvironment;)V+144
j  cs4620.gl.RenderEnvironment.addMaterial(Lcs4620/common/Material;)V+11
j  cs4620.gl.RenderTreeBuilder.buildMaterials(Lcs4620/common/Scene;Lcs4620/gl/RenderEnvironment;)V+23
j  cs4620.gl.RenderTreeBuilder.build(Lcs4620/common/Scene;Legl/math/Vector2;)Lcs4620/gl/RenderEnvironment;+26
j  cs4620.gl.RenderController.<init>(Lcs4620/common/Scene;Legl/math/Vector2;)V+46
j  awtGUI.PaintViewScreen.onEntry(Lblister/GameTime;)V+40
j  blister.MainGame.onUpdateFrame()V+116
j  blister.MainGame.run()V+26
j  awtGUI.PaintSceneApp.main([Ljava/lang/String;)V+16
v  ~StubRoutines::call_stub

---------------  P R O C E S S  ---------------

Java Threads: ( => current thread )
  0x00000000112e2000 JavaThread "LWJGL Timer" daemon [_thread_blocked, id=6796, stack(0x0000000010b00000,0x0000000010c00000)]
  0x000000000fa5b000 JavaThread "AWT-EventQueue-0" [_thread_blocked, id=5680, stack(0x0000000010820000,0x0000000010920000)]
  0x000000000faaa000 JavaThread "AWT-Windows" daemon [_thread_in_native, id=4924, stack(0x0000000010720000,0x0000000010820000)]
  0x000000000faa9800 JavaThread "AWT-Shutdown" [_thread_blocked, id=288, stack(0x0000000010620000,0x0000000010720000)]
  0x000000000faa8800 JavaThread "Java2D Disposer" daemon [_thread_blocked, id=8628, stack(0x0000000010520000,0x0000000010620000)]
  0x000000000f826000 JavaThread "Service Thread" daemon [_thread_blocked, id=6492, stack(0x0000000010000000,0x0000000010100000)]
  0x0000000002ab1800 JavaThread "C2 CompilerThread1" daemon [_thread_blocked, id=3844, stack(0x000000000ff00000,0x0000000010000000)]
  0x0000000002ab0000 JavaThread "C2 CompilerThread0" daemon [_thread_blocked, id=3716, stack(0x000000000fe00000,0x000000000ff00000)]
  0x0000000002aaf000 JavaThread "Attach Listener" daemon [_thread_blocked, id=3012, stack(0x000000000fd00000,0x000000000fe00000)]
  0x000000000f821800 JavaThread "Signal Dispatcher" daemon [_thread_blocked, id=2388, stack(0x000000000fc00000,0x000000000fd00000)]
  0x000000000d810800 JavaThread "Finalizer" daemon [_thread_blocked, id=8008, stack(0x000000000f700000,0x000000000f800000)]
  0x000000000d80a000 JavaThread "Reference Handler" daemon [_thread_blocked, id=5496, stack(0x000000000f600000,0x000000000f700000)]
=>0x000000000289e000 JavaThread "main" [_thread_in_native, id=5684, stack(0x00000000028a0000,0x00000000029a0000)]

Other Threads:
  0x000000000d806800 VMThread [stack: 0x000000000f500000,0x000000000f600000] [id=7848]
  0x000000000f842800 WatcherThread [stack: 0x0000000010100000,0x0000000010200000] [id=8684]

VM state:not at safepoint (normal execution)

VM Mutex/Monitor currently owned by a thread: None

Heap
 PSYoungGen      total 106496K, used 68256K [0x00000007c0680000, 0x00000007c7680000, 0x0000000800000000)
  eden space 98304K, 67% used [0x00000007c0680000,0x00000007c4709180,0x00000007c6680000)
  from space 8192K, 26% used [0x00000007c6e80000,0x00000007c709f0d0,0x00000007c7680000)
  to   space 8192K, 0% used [0x00000007c6680000,0x00000007c6680000,0x00000007c6e80000)
 ParOldGen       total 130048K, used 62454K [0x0000000741400000, 0x0000000749300000, 0x00000007c0680000)
  object space 130048K, 48% used [0x0000000741400000,0x00000007450fd9e8,0x0000000749300000)
 PSPermGen       total 21504K, used 13898K [0x000000073c200000, 0x000000073d700000, 0x0000000741400000)
  object space 21504K, 64% used [0x000000073c200000,0x000000073cf92b20,0x000000073d700000)

Card table byte_map: [0x0000000005b80000,0x00000000061a0000] byte_map_base: 0x000000000219f000

Polling page: 0x0000000002860000

Code Cache  [0x0000000002ac0000, 0x0000000002d30000, 0x0000000005ac0000)
 total_blobs=824 nmethods=273 adapters=503 free_code_cache=47979Kb largest_free_block=49104384

Compilation events (10 events):
Event: 25.706 Thread 0x0000000002ab0000  272             egl.math.Color::set (23 bytes)
Event: 25.708 Thread 0x0000000002ab0000 nmethod 272 0x0000000002b56790 code [0x0000000002b568c0, 0x0000000002b56938]
Event: 25.708 Thread 0x0000000002ab0000  273             cs4620.common.texture.TexGenCheckerBoard::getColor (126 bytes)
Event: 25.708 Thread 0x0000000002ab1800 nmethod 271 0x0000000002b84010 code [0x0000000002b84140, 0x0000000002b841d8]
Event: 25.716 Thread 0x0000000002ab0000 nmethod 273 0x0000000002b5a610 code [0x0000000002b5a7a0, 0x0000000002b5aa98]
Event: 25.757 Thread 0x0000000002ab1800  274             java.util.regex.Matcher::search (109 bytes)
Event: 25.766 Thread 0x0000000002ab1800 nmethod 274 0x0000000002b59f10 code [0x0000000002b5a060, 0x0000000002b5a338]
Event: 25.767 Thread 0x0000000002ab0000  275             sun.misc.MetaIndex::mayContain (51 bytes)
Event: 25.776 Thread 0x0000000002ab0000 nmethod 275 0x0000000002b5af10 code [0x0000000002b5b060, 0x0000000002b5b328]
Event: 25.789 Thread 0x0000000002ab1800  276             java.lang.AbstractStringBuilder::append (144 bytes)

GC Heap History (8 events):
Event: 16.603 GC heap before
{Heap before GC invocations=1 (full 0):
 PSYoungGen      total 57344K, used 49152K [0x00000007c0680000, 0x00000007c4680000, 0x0000000800000000)
  eden space 49152K, 100% used [0x00000007c0680000,0x00000007c3680000,0x00000007c3680000)
  from space 8192K, 0% used [0x00000007c3e80000,0x00000007c3e80000,0x00000007c4680000)
  to   space 8192K, 0% used [0x00000007c3680000,0x00000007c3680000,0x00000007c3e80000)
 ParOldGen       total 130048K, used 0K [0x0000000741400000, 0x0000000749300000, 0x00000007c0680000)
  object space 130048K, 0% used [0x0000000741400000,0x0000000741400000,0x0000000749300000)
 PSPermGen       total 21504K, used 13749K [0x000000073c200000, 0x000000073d700000, 0x0000000741400000)
  object space 21504K, 63% used [0x000000073c200000,0x000000073cf6d4d0,0x000000073d700000)
Event: 16.639 GC heap after
Heap after GC invocations=1 (full 0):
 PSYoungGen      total 57344K, used 8172K [0x00000007c0680000, 0x00000007c4680000, 0x0000000800000000)
  eden space 49152K, 0% used [0x00000007c0680000,0x00000007c0680000,0x00000007c3680000)
  from space 8192K, 99% used [0x00000007c3680000,0x00000007c3e7b0f0,0x00000007c3e80000)
  to   space 8192K, 0% used [0x00000007c3e80000,0x00000007c3e80000,0x00000007c4680000)
 ParOldGen       total 130048K, used 13286K [0x0000000741400000, 0x0000000749300000, 0x00000007c0680000)
  object space 130048K, 10% used [0x0000000741400000,0x00000007420f99b8,0x0000000749300000)
 PSPermGen       total 21504K, used 13749K [0x000000073c200000, 0x000000073d700000, 0x0000000741400000)
  object space 21504K, 63% used [0x000000073c200000,0x000000073cf6d4d0,0x000000073d700000)
}
Event: 17.234 GC heap before
{Heap before GC invocations=2 (full 0):
 PSYoungGen      total 57344K, used 57324K [0x00000007c0680000, 0x00000007c4680000, 0x0000000800000000)
  eden space 49152K, 100% used [0x00000007c0680000,0x00000007c3680000,0x00000007c3680000)
  from space 8192K, 99% used [0x00000007c3680000,0x00000007c3e7b0f0,0x00000007c3e80000)
  to   space 8192K, 0% used [0x00000007c3e80000,0x00000007c3e80000,0x00000007c4680000)
 ParOldGen       total 130048K, used 13286K [0x0000000741400000, 0x0000000749300000, 0x00000007c0680000)
  object space 130048K, 10% used [0x0000000741400000,0x00000007420f99b8,0x0000000749300000)
 PSPermGen       total 21504K, used 13816K [0x000000073c200000, 0x000000073d700000, 0x0000000741400000)
  object space 21504K, 64% used [0x000000073c200000,0x000000073cf7e040,0x000000073d700000)
Event: 17.250 GC heap after
Heap after GC invocations=2 (full 0):
 PSYoungGen      total 57344K, used 6502K [0x00000007c0680000, 0x00000007c7680000, 0x0000000800000000)
  eden space 49152K, 0% used [0x00000007c0680000,0x00000007c0680000,0x00000007c3680000)
  from space 8192K, 79% used [0x00000007c3e80000,0x00000007c44d9b20,0x00000007c4680000)
  to   space 8192K, 0% used [0x00000007c3680000,0x00000007c3680000,0x00000007c3e80000)
 ParOldGen       total 130048K, used 13286K [0x0000000741400000, 0x0000000749300000, 0x00000007c0680000)
  object space 130048K, 10% used [0x0000000741400000,0x00000007420f99b8,0x0000000749300000)
 PSPermGen       total 21504K, used 13816K [0x000000073c200000, 0x000000073d700000, 0x0000000741400000)
  object space 21504K, 64% used [0x000000073c200000,0x000000073cf7e040,0x000000073d700000)
}
Event: 24.242 GC heap before
{Heap before GC invocations=3 (full 0):
 PSYoungGen      total 57344K, used 55654K [0x00000007c0680000, 0x00000007c7680000, 0x0000000800000000)
  eden space 49152K, 100% used [0x00000007c0680000,0x00000007c3680000,0x00000007c3680000)
  from space 8192K, 79% used [0x00000007c3e80000,0x00000007c44d9b20,0x00000007c4680000)
  to   space 8192K, 0% used [0x00000007c3680000,0x00000007c3680000,0x00000007c3e80000)
 ParOldGen       total 130048K, used 13286K [0x0000000741400000, 0x0000000749300000, 0x00000007c0680000)
  object space 130048K, 10% used [0x0000000741400000,0x00000007420f99b8,0x0000000749300000)
 PSPermGen       total 21504K, used 13894K [0x000000073c200000, 0x000000073d700000, 0x0000000741400000)
  object space 21504K, 64% used [0x000000073c200000,0x000000073cf919a0,0x000000073d700000)
Event: 24.337 GC heap after
Heap after GC invocations=3 (full 0):
 PSYoungGen      total 57344K, used 2094K [0x00000007c0680000, 0x00000007c7680000, 0x0000000800000000)
  eden space 49152K, 0% used [0x00000007c0680000,0x00000007c0680000,0x00000007c3680000)
  from space 8192K, 25% used [0x00000007c3680000,0x00000007c388bb00,0x00000007c3e80000)
  to   space 8192K, 0% used [0x00000007c6e80000,0x00000007c6e80000,0x00000007c7680000)
 ParOldGen       total 130048K, used 62446K [0x0000000741400000, 0x0000000749300000, 0x00000007c0680000)
  object space 130048K, 48% used [0x0000000741400000,0x00000007450fb9e8,0x0000000749300000)
 PSPermGen       total 21504K, used 13894K [0x000000073c200000, 0x000000073d700000, 0x0000000741400000)
  object space 21504K, 64% used [0x000000073c200000,0x000000073cf919a0,0x000000073d700000)
}
Event: 25.043 GC heap before
{Heap before GC invocations=4 (full 0):
 PSYoungGen      total 57344K, used 51246K [0x00000007c0680000, 0x00000007c7680000, 0x0000000800000000)
  eden space 49152K, 100% used [0x00000007c0680000,0x00000007c3680000,0x00000007c3680000)
  from space 8192K, 25% used [0x00000007c3680000,0x00000007c388bb00,0x00000007c3e80000)
  to   space 8192K, 0% used [0x00000007c6e80000,0x00000007c6e80000,0x00000007c7680000)
 ParOldGen       total 130048K, used 62446K [0x0000000741400000, 0x0000000749300000, 0x00000007c0680000)
  object space 130048K, 48% used [0x0000000741400000,0x00000007450fb9e8,0x0000000749300000)
 PSPermGen       total 21504K, used 13897K [0x000000073c200000, 0x000000073d700000, 0x0000000741400000)
  object space 21504K, 64% used [0x000000073c200000,0x000000073cf92760,0x000000073d700000)
Event: 25.056 GC heap after
Heap after GC invocations=4 (full 0):
 PSYoungGen      total 106496K, used 2172K [0x00000007c0680000, 0x00000007c7680000, 0x0000000800000000)
  eden space 98304K, 0% used [0x00000007c0680000,0x00000007c0680000,0x00000007c6680000)
  from space 8192K, 26% used [0x00000007c6e80000,0x00000007c709f0d0,0x00000007c7680000)
  to   space 8192K, 0% used [0x00000007c6680000,0x00000007c6680000,0x00000007c6e80000)
 ParOldGen       total 130048K, used 62454K [0x0000000741400000, 0x0000000749300000, 0x00000007c0680000)
  object space 130048K, 48% used [0x0000000741400000,0x00000007450fd9e8,0x0000000749300000)
 PSPermGen       total 21504K, used 13897K [0x000000073c200000, 0x000000073d700000, 0x0000000741400000)
  object space 21504K, 64% used [0x000000073c200000,0x000000073cf92760,0x000000073d700000)
}

Deoptimization events (10 events):
Event: 17.469 Thread 0x000000000289e000 Uncommon trap: reason=unreached action=reinterpret pc=0x0000000002b8b138 method=java.util.regex.Pattern.compile()V @ 249
Event: 17.469 Thread 0x000000000289e000 Uncommon trap: reason=class_check action=maybe_recompile pc=0x0000000002b880a4 method=java.util.regex.Matcher.search(I)Z @ 86
Event: 17.470 Thread 0x000000000289e000 Uncommon trap: reason=class_check action=maybe_recompile pc=0x0000000002b6dcd8 method=java.util.regex.Pattern$Curly.match0(Ljava/util/regex/Matcher;IILjava/lang/CharSequence;)Z @ 31
Event: 17.470 Thread 0x000000000289e000 Uncommon trap: reason=class_check action=maybe_recompile pc=0x0000000002b6dcd8 method=java.util.regex.Pattern$Curly.match0(Ljava/util/regex/Matcher;IILjava/lang/CharSequence;)Z @ 31
Event: 17.470 Thread 0x000000000289e000 Uncommon trap: reason=class_check action=maybe_recompile pc=0x0000000002b6dcd8 method=java.util.regex.Pattern$Curly.match0(Ljava/util/regex/Matcher;IILjava/lang/CharSequence;)Z @ 31
Event: 17.470 Thread 0x000000000289e000 Uncommon trap: reason=class_check action=maybe_recompile pc=0x0000000002b6dcd8 method=java.util.regex.Pattern$Curly.match0(Ljava/util/regex/Matcher;IILjava/lang/CharSequence;)Z @ 31
Event: 17.471 Thread 0x000000000289e000 Uncommon trap: reason=class_check action=maybe_recompile pc=0x0000000002b880a4 method=java.util.regex.Matcher.search(I)Z @ 86
Event: 17.546 Thread 0x000000000289e000 Uncommon trap: reason=class_check action=maybe_recompile pc=0x0000000002b880a4 method=java.util.regex.Matcher.search(I)Z @ 86
Event: 17.547 Thread 0x000000000289e000 Uncommon trap: reason=class_check action=maybe_recompile pc=0x0000000002b880a4 method=java.util.regex.Matcher.search(I)Z @ 86
Event: 17.575 Thread 0x000000000289e000 Uncommon trap: reason=class_check action=maybe_recompile pc=0x0000000002b65700 method=java.util.regex.Matcher.search(I)Z @ 86

Internal exceptions (10 events):
Event: 23.945 Thread 0x000000000fa5b000 Threw 0x00000007c1faa8c0 at C:\re\jdk7u71\1605\hotspot\src\share\vm\prims\jvm.cpp:1281
Event: 23.946 Thread 0x000000000fa5b000 Threw 0x00000007c1fadaa8 at C:\re\jdk7u71\1605\hotspot\src\share\vm\prims\jvm.cpp:1281
Event: 23.950 Thread 0x000000000fa5b000 Threw 0x00000007c1fb7978 at C:\re\jdk7u71\1605\hotspot\src\share\vm\prims\jvm.cpp:1281
Event: 23.950 Thread 0x000000000fa5b000 Threw 0x00000007c1fbab60 at C:\re\jdk7u71\1605\hotspot\src\share\vm\prims\jvm.cpp:1281
Event: 23.951 Thread 0x000000000fa5b000 Threw 0x00000007c1fbb178 at C:\re\jdk7u71\1605\hotspot\src\share\vm\prims\jvm.cpp:1281
Event: 23.951 Thread 0x000000000fa5b000 Threw 0x00000007c1fbe360 at C:\re\jdk7u71\1605\hotspot\src\share\vm\prims\jvm.cpp:1281
Event: 23.956 Thread 0x000000000fa5b000 Threw 0x00000007c1fc73a8 at C:\re\jdk7u71\1605\hotspot\src\share\vm\prims\jvm.cpp:1281
Event: 23.957 Thread 0x000000000fa5b000 Threw 0x00000007c1fca590 at C:\re\jdk7u71\1605\hotspot\src\share\vm\prims\jvm.cpp:1281
Event: 23.957 Thread 0x000000000fa5b000 Threw 0x00000007c1fcaba8 at C:\re\jdk7u71\1605\hotspot\src\share\vm\prims\jvm.cpp:1281
Event: 23.958 Thread 0x000000000fa5b000 Threw 0x00000007c1fcdd90 at C:\re\jdk7u71\1605\hotspot\src\share\vm\prims\jvm.cpp:1281

Events (10 events):
Event: 24.343 Executing VM operation: RevokeBias
Event: 24.343 Executing VM operation: RevokeBias done
Event: 24.343 Executing VM operation: BulkRevokeBias
Event: 24.343 Executing VM operation: BulkRevokeBias done
Event: 25.043 Executing VM operation: ParallelGCFailedAllocation
Event: 25.057 Executing VM operation: ParallelGCFailedAllocation done
Event: 25.057 Executing VM operation: RevokeBias
Event: 25.057 Executing VM operation: RevokeBias done
Event: 25.057 Executing VM operation: RevokeBias
Event: 25.057 Executing VM operation: RevokeBias done


Dynamic libraries:
0x00007ff630220000 - 0x00007ff630253000 	C:\Program Files\Java\jre7\bin\javaw.exe
0x00007ffcd1e30000 - 0x00007ffcd1fd6000 	C:\WINDOWS\SYSTEM32\ntdll.dll
0x00007ffcd19a0000 - 0x00007ffcd1ada000 	C:\WINDOWS\system32\KERNEL32.DLL
0x00007ffccf450000 - 0x00007ffccf55f000 	C:\WINDOWS\system32\KERNELBASE.dll
0x00007ffccddc0000 - 0x00007ffccde48000 	C:\WINDOWS\system32\apphelp.dll
0x00007ffcc0ce0000 - 0x00007ffcc0d2f000 	C:\WINDOWS\AppPatch\AppPatch64\AcGenral.DLL
0x00007ffcd17b0000 - 0x00007ffcd1857000 	C:\WINDOWS\system32\msvcrt.dll
0x00007ffccefe0000 - 0x00007ffccf00b000 	C:\WINDOWS\SYSTEM32\SspiCli.dll
0x00007ffcd1340000 - 0x00007ffcd1391000 	C:\WINDOWS\system32\SHLWAPI.dll
0x00007ffccf810000 - 0x00007ffccf981000 	C:\WINDOWS\system32\USER32.dll
0x00007ffcd1b20000 - 0x00007ffcd1c98000 	C:\WINDOWS\system32\ole32.dll
0x00007ffccff20000 - 0x00007ffcd132f000 	C:\WINDOWS\system32\SHELL32.dll
0x00007ffcceb90000 - 0x00007ffccebae000 	C:\WINDOWS\SYSTEM32\USERENV.dll
0x00007ffcd1ca0000 - 0x00007ffcd1d45000 	C:\WINDOWS\system32\ADVAPI32.dll
0x00007ffcbfce0000 - 0x00007ffcbfcfb000 	C:\WINDOWS\SYSTEM32\MPR.dll
0x00007ffcd1860000 - 0x00007ffcd1997000 	C:\WINDOWS\system32\RPCRT4.dll
0x00007ffcd1720000 - 0x00007ffcd1777000 	C:\WINDOWS\SYSTEM32\sechost.dll
0x00007ffccfd40000 - 0x00007ffccff16000 	C:\WINDOWS\SYSTEM32\combase.dll
0x00007ffccfb40000 - 0x00007ffccfc84000 	C:\WINDOWS\system32\GDI32.dll
0x00007ffccf1a0000 - 0x00007ffccf1b4000 	C:\WINDOWS\SYSTEM32\profapi.dll
0x00007ffccd7b0000 - 0x00007ffccd84f000 	C:\WINDOWS\SYSTEM32\SHCORE.dll
0x00007ffcd1ae0000 - 0x00007ffcd1b14000 	C:\WINDOWS\system32\IMM32.DLL
0x00007ffcd1580000 - 0x00007ffcd16b9000 	C:\WINDOWS\system32\MSCTF.dll
0x00007ffcccd80000 - 0x00007ffcccfda000 	C:\WINDOWS\WinSxS\amd64_microsoft.windows.common-controls_6595b64144ccf1df_6.0.9600.17031_none_6242a4b3ecbb55a1\COMCTL32.dll
0x0000000069340000 - 0x0000000069412000 	C:\Program Files\Java\jre7\bin\msvcr100.dll
0x0000000067e40000 - 0x0000000068613000 	C:\Program Files\Java\jre7\bin\server\jvm.dll
0x00007ffcc2f20000 - 0x00007ffcc2f29000 	C:\WINDOWS\SYSTEM32\WSOCK32.dll
0x00007ffccc960000 - 0x00007ffccc97f000 	C:\WINDOWS\SYSTEM32\WINMM.dll
0x00007ffcd1e20000 - 0x00007ffcd1e27000 	C:\WINDOWS\system32\PSAPI.DLL
0x00007ffccf710000 - 0x00007ffccf768000 	C:\WINDOWS\system32\WS2_32.dll
0x00007ffccc870000 - 0x00007ffccc89a000 	C:\WINDOWS\SYSTEM32\WINMMBASE.dll
0x00007ffccfb30000 - 0x00007ffccfb39000 	C:\WINDOWS\system32\NSI.dll
0x00007ffccf560000 - 0x00007ffccf5aa000 	C:\WINDOWS\SYSTEM32\cfgmgr32.dll
0x00007ffcce010000 - 0x00007ffcce036000 	C:\WINDOWS\SYSTEM32\DEVOBJ.dll
0x000000006a8b0000 - 0x000000006a8bf000 	C:\Program Files\Java\jre7\bin\verify.dll
0x0000000069ae0000 - 0x0000000069b08000 	C:\Program Files\Java\jre7\bin\java.dll
0x0000000069ac0000 - 0x0000000069ad5000 	C:\Program Files\Java\jre7\bin\zip.dll
0x0000000069080000 - 0x0000000069215000 	C:\Program Files\Java\jre7\bin\awt.dll
0x00007ffcd1d50000 - 0x00007ffcd1e11000 	C:\WINDOWS\system32\OLEAUT32.dll
0x0000000180000000 - 0x0000000180051000 	C:\Users\Jackie Law\Documents\GitHub\4621Proj\CS4621\CS4620\deps\native\windows\lwjgl64.dll
0x00007ffcbbbb0000 - 0x00007ffcbbcd1000 	C:\WINDOWS\SYSTEM32\OPENGL32.dll
0x00007ffccc980000 - 0x00007ffccc98a000 	C:\WINDOWS\SYSTEM32\VERSION.dll
0x00007ffcc9440000 - 0x00007ffcc946c000 	C:\WINDOWS\SYSTEM32\GLU32.dll
0x00007ffcbe9c0000 - 0x00007ffcbeab4000 	C:\WINDOWS\SYSTEM32\DDRAW.dll
0x00007ffccad90000 - 0x00007ffccad99000 	C:\WINDOWS\SYSTEM32\DCIMAN32.dll
0x00007ffccd5e0000 - 0x00007ffccd600000 	C:\WINDOWS\system32\DWMAPI.DLL
0x00007ffccde90000 - 0x00007ffccdfb1000 	C:\WINDOWS\system32\uxtheme.dll
0x00007ffcce060000 - 0x00007ffcce06a000 	C:\WINDOWS\SYSTEM32\kernel.appcore.dll
0x00007ffccf070000 - 0x00007ffccf07a000 	C:\WINDOWS\SYSTEM32\CRYPTBASE.dll
0x00007ffccf010000 - 0x00007ffccf070000 	C:\WINDOWS\SYSTEM32\bcryptPrimitives.dll
0x0000000069a70000 - 0x0000000069ab7000 	C:\Program Files\Java\jre7\bin\fontmanager.dll
0x0000000069a50000 - 0x0000000069a69000 	C:\Program Files\Java\jre7\bin\net.dll
0x00007ffcceb00000 - 0x00007ffcceb58000 	C:\WINDOWS\system32\mswsock.dll
0x0000000069830000 - 0x0000000069841000 	C:\Program Files\Java\jre7\bin\nio.dll
0x00000000692f0000 - 0x0000000069331000 	C:\Program Files\Java\jre7\bin\t2k.dll
0x00007ffccfc90000 - 0x00007ffccfd34000 	C:\WINDOWS\SYSTEM32\clbcatq.dll
0x000000006a8a0000 - 0x000000006a8a7000 	C:\Program Files\Java\jre7\bin\jawt.dll
0x00007ffcbbb50000 - 0x00007ffcbbbab000 	C:\WINDOWS\SYSTEM32\nvoglshim64.dll
0x0000000011cb0000 - 0x000000001243e000 	C:\WINDOWS\system32\ig75icd64.dll
0x00007ffccae70000 - 0x00007ffccb2b0000 	C:\WINDOWS\SYSTEM32\igdusc64.dll
0x00007ffccf140000 - 0x00007ffccf185000 	C:\WINDOWS\SYSTEM32\powrprof.dll
0x00007ffccf770000 - 0x00007ffccf80e000 	C:\WINDOWS\system32\COMDLG32.dll
0x00007ffcca440000 - 0x00007ffcca4d8000 	C:\Program Files\Common Files\microsoft shared\ink\tiptsf.dll
0x00007ffcca200000 - 0x00007ffcca393000 	C:\WINDOWS\SYSTEM32\WindowsCodecs.dll
0x00007ffcd13a0000 - 0x00007ffcd1574000 	C:\WINDOWS\system32\SETUPAPI.dll
0x00007ffcc9590000 - 0x00007ffcc96ff000 	C:\WINDOWS\system32\propsys.dll
0x00007ffcc0b90000 - 0x00007ffcc0c42000 	C:\WINDOWS\SYSTEM32\ntshrui.dll
0x00007ffccef70000 - 0x00007ffccef95000 	C:\WINDOWS\SYSTEM32\srvcli.dll
0x00007ffcc01d0000 - 0x00007ffcc01e0000 	C:\WINDOWS\SYSTEM32\cscapi.dll
0x00007ffcbdc50000 - 0x00007ffcbdd62000 	C:\WINDOWS\system32\SearchFolder.dll
0x00007ffcc9fb0000 - 0x00007ffcc9fe8000 	C:\WINDOWS\SYSTEM32\XmlLite.dll
0x00007ffcbe440000 - 0x00007ffcbe44c000 	C:\WINDOWS\SYSTEM32\LINKINFO.dll
0x00007ffcbd140000 - 0x00007ffcbd2dc000 	C:\WINDOWS\system32\NetworkExplorer.dll
0x00007ffcceb60000 - 0x00007ffcceb7e000 	C:\WINDOWS\SYSTEM32\CRYPTSP.dll
0x00007ffcce680000 - 0x00007ffcce6b5000 	C:\WINDOWS\system32\rsaenh.dll
0x00007ffccece0000 - 0x00007ffcced06000 	C:\WINDOWS\SYSTEM32\bcrypt.dll
0x00007ffcb8470000 - 0x00007ffcb8503000 	C:\WINDOWS\System32\StructuredQuery.dll
0x00007ffccc650000 - 0x00007ffccc67b000 	C:\Windows\System32\thumbcache.dll
0x00007ffccd860000 - 0x00007ffccd86b000 	C:\WINDOWS\System32\drprov.dll
0x00007ffccebd0000 - 0x00007ffccec27000 	C:\WINDOWS\System32\WINSTA.dll
0x00007ffccd600000 - 0x00007ffccd615000 	C:\WINDOWS\System32\ntlanman.dll
0x00007ffcca3a0000 - 0x00007ffcca3be000 	C:\WINDOWS\System32\davclnt.dll
0x00007ffccd850000 - 0x00007ffccd85b000 	C:\WINDOWS\System32\DAVHLPR.dll
0x00007ffcceb80000 - 0x00007ffcceb8c000 	C:\WINDOWS\System32\netutils.dll
0x00007ffcbd050000 - 0x00007ffcbd075000 	C:\WINDOWS\system32\mssprxy.dll
0x00007ffcb61b0000 - 0x00007ffcb6512000 	C:\Program Files (x86)\Adobe\Adobe Creative Cloud\CoreSync\CoreSync_x64.dll
0x0000000069ee0000 - 0x0000000069f78000 	C:\WINDOWS\SYSTEM32\MSVCP100.dll
0x00007ffccf270000 - 0x00007ffccf447000 	C:\WINDOWS\system32\CRYPT32.dll
0x00007ffcc8ef0000 - 0x00007ffcc8f19000 	C:\WINDOWS\SYSTEM32\IPHLPAPI.DLL
0x00007ffcc6620000 - 0x00007ffcc686b000 	C:\WINDOWS\SYSTEM32\WININET.dll
0x00007ffccaa80000 - 0x00007ffccaa95000 	C:\WINDOWS\SYSTEM32\NETAPI32.dll
0x00007ffccf250000 - 0x00007ffccf262000 	C:\WINDOWS\system32\MSASN1.dll
0x00007ffcc8ec0000 - 0x00007ffcc8eca000 	C:\WINDOWS\SYSTEM32\WINNSI.DLL
0x00007ffcc6870000 - 0x00007ffcc6b37000 	C:\WINDOWS\SYSTEM32\iertutil.dll
0x00007ffccae00000 - 0x00007ffccae16000 	C:\WINDOWS\SYSTEM32\wkscli.dll
0x00007ffcc0600000 - 0x00007ffcc0636000 	C:\Windows\System32\EhStorShell.dll
0x00007ffcb5b40000 - 0x00007ffcb61af000 	C:\PROGRA~1\MICROS~1\Office14\GROOVEEX.DLL
0x000000006a8f0000 - 0x000000006a993000 	C:\WINDOWS\WinSxS\amd64_microsoft.vc90.crt_1fc8b3b9a1e18e3b_9.0.30729.8387_none_08e793bfa83a89b5\MSVCR90.dll
0x0000000069b10000 - 0x0000000069be3000 	C:\WINDOWS\WinSxS\amd64_microsoft.vc90.crt_1fc8b3b9a1e18e3b_9.0.30729.8387_none_08e793bfa83a89b5\MSVCP90.dll
0x0000000069220000 - 0x000000006924f000 	C:\WINDOWS\WinSxS\amd64_microsoft.vc90.atl_1fc8b3b9a1e18e3b_9.0.30729.6161_none_0a1fd3a3a768b895\ATL90.DLL
0x00007ffcb5720000 - 0x00007ffcb5b3a000 	C:\PROGRA~1\COMMON~1\MICROS~1\OFFICE14\Cultures\office.odf
0x00007ffcb3630000 - 0x00007ffcb3e95000 	C:\PROGRA~1\MICROS~1\Office14\1033\GrooveIntlResource.dll
0x00007ffcc81b0000 - 0x00007ffcc81c4000 	C:\WINDOWS\SYSTEM32\dhcpcsvc6.DLL
0x00007ffcc8930000 - 0x00007ffcc8949000 	C:\WINDOWS\SYSTEM32\dhcpcsvc.DLL
0x0000000068ec0000 - 0x0000000068ef0000 	C:\Program Files\Java\jre7\bin\jpeg.dll
0x00007ffcc9be0000 - 0x00007ffcc9d68000 	C:\WINDOWS\SYSTEM32\dbghelp.dll

VM Arguments:
jvm_args: -Djava.library.path=C:\Users\Jackie Law\Documents\GitHub\4621Proj\CS4621\CS4620;C:\Users\Jackie Law\Documents\GitHub\4621Proj\CS4621\TWL\TWL;C:\Users\Jackie Law\Documents\GitHub\4621Proj\CS4621\TWL\TWLExamples;C:\Users\Jackie Law\Documents\GitHub\4621Proj\CS4621\CS4620\deps\native\linux;C:\Users\Jackie Law\Documents\GitHub\4621Proj\CS4621\CS4620\deps\native\windows;C:\Users\Jackie Law\Documents\GitHub\4621Proj\CS4621\CS4620\deps\native\windows -Dfile.encoding=Cp1252 
java_command: awtGUI.PaintSceneApp
Launcher Type: SUN_STANDARD

Environment Variables:
CLASSPATH=.;C:\Program Files (x86)\QuickTime\QTSystem\QTJava.zip
PATH=C:\ProgramData\Oracle\Java\javapath;C:\Tcl\bin;C:\Program Files (x86)\NVIDIA Corporation\PhysX\Common;C:\Program Files (x86)\Intel\iCLS Client\;C:\Program Files\Intel\iCLS Client\;C:\WINDOWS\system32;C:\WINDOWS;C:\WINDOWS\System32\Wbem;C:\WINDOWS\System32\WindowsPowerShell\v1.0\;C:\Program Files\Intel\Intel(R) Management Engine Components\DAL;C:\Program Files\Intel\Intel(R) Management Engine Components\IPT;C:\Program Files (x86)\Intel\Intel(R) Management Engine Components\DAL;C:\Program Files (x86)\Intel\Intel(R) Management Engine Components\IPT;C:\Program Files (x86)\Intel\OpenCL SDK\3.0\bin\x86;C:\Program Files (x86)\Intel\OpenCL SDK\3.0\bin\x64;C:\Program Files\Intel\WiFi\bin\;C:\Program Files\Common Files\Intel\WirelessCommon\;C:\Program Files (x86)\QuickTime\QTSystem\;C:\Program Files\Google\Cloud SDK\google-cloud-sdk\bin;C:\Program Files\Microsoft SQL Server\110\Tools\Binn\;C:\python27_x64\Scripts;C:\Users\Jackie Law\AppData\Local\GitHub\PortableGit_ed44d00daa128db527396557813e7b68709ed0e2\bin;C:\Users\Jackie Law\AppData\Local\GitHub\PortableGit_ed44d00daa128db527396557813e7b68709ed0e2\cmd
USERNAME=Jackie Law
OS=Windows_NT
PROCESSOR_IDENTIFIER=Intel64 Family 6 Model 60 Stepping 3, GenuineIntel



---------------  S Y S T E M  ---------------

OS: Windows 8.1 , 64 bit Build 9600 

CPU:total 8 (4 cores per cpu, 2 threads per core) family 6 model 60 stepping 3, cmov, cx8, fxsr, mmx, sse, sse2, sse3, ssse3, sse4.1, sse4.2, popcnt, avx, avx2, aes, erms, ht, tsc, tscinvbit

Memory: 4k page, physical 12492820k(7915520k free), swap 25075732k(18761828k free)

vm_info: Java HotSpot(TM) 64-Bit Server VM (24.71-b01) for windows-amd64 JRE (1.7.0_71-b14), built on Sep 26 2014 16:16:12 by "java_re" with unknown MS VC++:1600

time: Sat Nov 15 16:38:10 2014
elapsed time: 25 seconds

