#
# There is insufficient memory for the Java Runtime Environment to continue.
# Native memory allocation (malloc) failed to allocate 32784 bytes for Chunk::new
# Possible reasons:
#   The system is out of physical RAM or swap space
#   In 32 bit mode, the process size limit was hit
# Possible solutions:
#   Reduce memory load on the system
#   Increase physical memory or swap space
#   Check if swap backing store is full
#   Use 64 bit Java on a 64 bit OS
#   Decrease Java heap size (-Xmx/-Xms)
#   Decrease number of Java threads
#   Decrease Java thread stack sizes (-Xss)
#   Set larger code cache with -XX:ReservedCodeCacheSize=
# This output file may be truncated or incomplete.
#
#  Out of Memory Error (allocation.cpp:323), pid=12028, tid=13264
#
# JRE version: Java(TM) SE Runtime Environment (7.0_51-b13) (build 1.7.0_51-b13)
# Java VM: Java HotSpot(TM) 64-Bit Server VM (24.51-b03 mixed mode windows-amd64 compressed oops)
# Failed to write core dump. Minidumps are not enabled by default on client versions of Windows
#

---------------  T H R E A D  ---------------

Current thread (0x00000000029b3800):  JavaThread "C2 CompilerThread1" daemon [_thread_in_native, id=13264, stack(0x000000000fc60000,0x000000000fd60000)]

Stack: [0x000000000fc60000,0x000000000fd60000]

Current CompileTask:
C2:  34433  318             egl.GLBuffer::useAsAttrib (126 bytes)


---------------  P R O C E S S  ---------------

Java Threads: ( => current thread )
  0x000000000f8b5800 JavaThread "TimerQueue" daemon [_thread_blocked, id=12408, stack(0x00000000106e0000,0x00000000107e0000)]
  0x00000000110f6000 JavaThread "LWJGL Timer" daemon [_thread_blocked, id=8548, stack(0x0000000014de0000,0x0000000014ee0000)]
  0x000000000f6f5000 JavaThread "AWT-Windows" daemon [_thread_in_native, id=12996, stack(0x00000000104e0000,0x00000000105e0000)]
  0x000000000f692800 JavaThread "Java2D Disposer" daemon [_thread_blocked, id=13184, stack(0x00000000102e0000,0x00000000103e0000)]
  0x00000000029b7000 JavaThread "Service Thread" daemon [_thread_blocked, id=11812, stack(0x000000000fd60000,0x000000000fe60000)]
=>0x00000000029b3800 JavaThread "C2 CompilerThread1" daemon [_thread_in_native, id=13264, stack(0x000000000fc60000,0x000000000fd60000)]
  0x00000000029af000 JavaThread "C2 CompilerThread0" daemon [_thread_blocked, id=11496, stack(0x000000000fb60000,0x000000000fc60000)]
  0x00000000029ae000 JavaThread "Attach Listener" daemon [_thread_blocked, id=10852, stack(0x000000000fa60000,0x000000000fb60000)]
  0x00000000029a9000 JavaThread "Signal Dispatcher" daemon [_thread_blocked, id=6336, stack(0x000000000f960000,0x000000000fa60000)]
  0x000000000d58d800 JavaThread "Finalizer" daemon [_thread_blocked, id=8576, stack(0x000000000f460000,0x000000000f560000)]
  0x000000000d585000 JavaThread "Reference Handler" daemon [_thread_blocked, id=14300, stack(0x000000000f360000,0x000000000f460000)]
  0x00000000027be000 JavaThread "main" [_thread_blocked, id=10472, stack(0x00000000027c0000,0x00000000028c0000)]

Other Threads:
  0x000000000d583000 VMThread [stack: 0x000000000f260000,0x000000000f360000] [id=11116]
  0x00000000029bb000 WatcherThread [stack: 0x000000000fe60000,0x000000000ff60000] [id=11468]

VM state:not at safepoint (normal execution)

VM Mutex/Monitor currently owned by a thread: None

Heap
 PSYoungGen      total 107008K, used 20393K [0x00000007c0a00000, 0x00000007c7a00000, 0x0000000800000000)
  eden space 99328K, 12% used [0x00000007c0a00000,0x00000007c1672430,0x00000007c6b00000)
  from space 7680K, 99% used [0x00000007c7280000,0x00000007c79f8020,0x00000007c7a00000)
  to   space 7680K, 0% used [0x00000007c6b00000,0x00000007c6b00000,0x00000007c7280000)
 ParOldGen       total 129536K, used 84608K [0x0000000741e00000, 0x0000000749c80000, 0x00000007c0a00000)
  object space 129536K, 65% used [0x0000000741e00000,0x00000007470a01d8,0x0000000749c80000)
 PSPermGen       total 21504K, used 14738K [0x000000073cc00000, 0x000000073e100000, 0x0000000741e00000)
  object space 21504K, 68% used [0x000000073cc00000,0x000000073da64960,0x000000073e100000)

Card table byte_map: [0x00000000059c0000,0x0000000005fe0000] byte_map_base: 0x0000000001fda000

Polling page: 0x0000000000d60000

Code Cache  [0x00000000029c0000, 0x0000000002c30000, 0x00000000059c0000)
 total_blobs=867 nmethods=314 adapters=505 free_code_cache=47893Kb largest_free_block=49013440

Compilation events (10 events):
Event: 28.202 Thread 0x00000000029b3800 nmethod 313 0x0000000002a6e490 code [0x0000000002a6e5c0, 0x0000000002a6e618]
Event: 28.919 Thread 0x00000000029af000  315             java.util.concurrent.locks.AbstractOwnableSynchronizer::setExclusiveOwnerThread (6 bytes)
Event: 28.919 Thread 0x00000000029af000 nmethod 315 0x0000000002a6de90 code [0x0000000002a6dfc0, 0x0000000002a6e038]
Event: 31.236 Thread 0x00000000029b3800  316             java.nio.ByteOrder::nativeOrder (4 bytes)
Event: 31.236 Thread 0x00000000029b3800 nmethod 316 0x0000000002afef10 code [0x0000000002aff040, 0x0000000002aff098]
Event: 31.336 Thread 0x00000000029af000  317             egl.GLProgram::getUniform (25 bytes)
Event: 31.469 Thread 0x00000000029b3800  318             egl.GLBuffer::useAsAttrib (126 bytes)
Event: 32.343 Thread 0x00000000029af000 nmethod 317 0x0000000002aff8d0 code [0x0000000002affa40, 0x0000000002affe58]
Event: 33.186 Thread 0x00000000029af000  319             java.util.concurrent.atomic.AtomicInteger::get (5 bytes)
Event: 33.186 Thread 0x00000000029af000 nmethod 319 0x0000000002b00650 code [0x0000000002b00780, 0x0000000002b007d8]

GC Heap History (8 events):
Event: 6.013 GC heap before
{Heap before GC invocations=1 (full 0):
 PSYoungGen      total 57344K, used 49664K [0x00000007c0a00000, 0x00000007c4980000, 0x0000000800000000)
  eden space 49664K, 100% used [0x00000007c0a00000,0x00000007c3a80000,0x00000007c3a80000)
  from space 7680K, 0% used [0x00000007c4200000,0x00000007c4200000,0x00000007c4980000)
  to   space 7680K, 0% used [0x00000007c3a80000,0x00000007c3a80000,0x00000007c4200000)
 ParOldGen       total 129536K, used 0K [0x0000000741e00000, 0x0000000749c80000, 0x00000007c0a00000)
  object space 129536K, 0% used [0x0000000741e00000,0x0000000741e00000,0x0000000749c80000)
 PSPermGen       total 21504K, used 11702K [0x000000073cc00000, 0x000000073e100000, 0x0000000741e00000)
  object space 21504K, 54% used [0x000000073cc00000,0x000000073d76dbc0,0x000000073e100000)
Event: 6.055 GC heap after
Heap after GC invocations=1 (full 0):
 PSYoungGen      total 57344K, used 7662K [0x00000007c0a00000, 0x00000007c4980000, 0x0000000800000000)
  eden space 49664K, 0% used [0x00000007c0a00000,0x00000007c0a00000,0x00000007c3a80000)
  from space 7680K, 99% used [0x00000007c3a80000,0x00000007c41fbb00,0x00000007c4200000)
  to   space 7680K, 0% used [0x00000007c4200000,0x00000007c4200000,0x00000007c4980000)
 ParOldGen       total 129536K, used 19728K [0x0000000741e00000, 0x0000000749c80000, 0x00000007c0a00000)
  object space 129536K, 15% used [0x0000000741e00000,0x0000000743144138,0x0000000749c80000)
 PSPermGen       total 21504K, used 11702K [0x000000073cc00000, 0x000000073e100000, 0x0000000741e00000)
  object space 21504K, 54% used [0x000000073cc00000,0x000000073d76dbc0,0x000000073e100000)
}
Event: 6.078 GC heap before
{Heap before GC invocations=2 (full 0):
 PSYoungGen      total 57344K, used 57326K [0x00000007c0a00000, 0x00000007c4980000, 0x0000000800000000)
  eden space 49664K, 100% used [0x00000007c0a00000,0x00000007c3a80000,0x00000007c3a80000)
  from space 7680K, 99% used [0x00000007c3a80000,0x00000007c41fbb00,0x00000007c4200000)
  to   space 7680K, 0% used [0x00000007c4200000,0x00000007c4200000,0x00000007c4980000)
 ParOldGen       total 129536K, used 19728K [0x0000000741e00000, 0x0000000749c80000, 0x00000007c0a00000)
  object space 129536K, 15% used [0x0000000741e00000,0x0000000743144138,0x0000000749c80000)
 PSPermGen       total 21504K, used 11703K [0x000000073cc00000, 0x000000073e100000, 0x0000000741e00000)
  object space 21504K, 54% used [0x000000073cc00000,0x000000073d76de00,0x000000073e100000)
Event: 6.140 GC heap after
Heap after GC invocations=2 (full 0):
 PSYoungGen      total 57344K, used 7664K [0x00000007c0a00000, 0x00000007c7a00000, 0x0000000800000000)
  eden space 49664K, 0% used [0x00000007c0a00000,0x00000007c0a00000,0x00000007c3a80000)
  from space 7680K, 99% used [0x00000007c4200000,0x00000007c497c010,0x00000007c4980000)
  to   space 7680K, 0% used [0x00000007c3a80000,0x00000007c3a80000,0x00000007c4200000)
 ParOldGen       total 129536K, used 57251K [0x0000000741e00000, 0x0000000749c80000, 0x00000007c0a00000)
  object space 129536K, 44% used [0x0000000741e00000,0x00000007455e8d18,0x0000000749c80000)
 PSPermGen       total 21504K, used 11703K [0x000000073cc00000, 0x000000073e100000, 0x0000000741e00000)
  object space 21504K, 54% used [0x000000073cc00000,0x000000073d76de00,0x000000073e100000)
}
Event: 6.862 GC heap before
{Heap before GC invocations=3 (full 0):
 PSYoungGen      total 57344K, used 57328K [0x00000007c0a00000, 0x00000007c7a00000, 0x0000000800000000)
  eden space 49664K, 100% used [0x00000007c0a00000,0x00000007c3a80000,0x00000007c3a80000)
  from space 7680K, 99% used [0x00000007c4200000,0x00000007c497c010,0x00000007c4980000)
  to   space 7680K, 0% used [0x00000007c3a80000,0x00000007c3a80000,0x00000007c4200000)
 ParOldGen       total 129536K, used 57251K [0x0000000741e00000, 0x0000000749c80000, 0x00000007c0a00000)
  object space 129536K, 44% used [0x0000000741e00000,0x00000007455e8d18,0x0000000749c80000)
 PSPermGen       total 21504K, used 12126K [0x000000073cc00000, 0x000000073e100000, 0x0000000741e00000)
  object space 21504K, 56% used [0x000000073cc00000,0x000000073d7d7b50,0x000000073e100000)
Event: 6.900 GC heap after
Heap after GC invocations=3 (full 0):
 PSYoungGen      total 57344K, used 7664K [0x00000007c0a00000, 0x00000007c7a00000, 0x0000000800000000)
  eden space 49664K, 0% used [0x00000007c0a00000,0x00000007c0a00000,0x00000007c3a80000)
  from space 7680K, 99% used [0x00000007c3a80000,0x00000007c41fc010,0x00000007c4200000)
  to   space 7680K, 0% used [0x00000007c7280000,0x00000007c7280000,0x00000007c7a00000)
 ParOldGen       total 129536K, used 83655K [0x0000000741e00000, 0x0000000749c80000, 0x00000007c0a00000)
  object space 129536K, 64% used [0x0000000741e00000,0x0000000746fb1d78,0x0000000749c80000)
 PSPermGen       total 21504K, used 12126K [0x000000073cc00000, 0x000000073e100000, 0x0000000741e00000)
  object space 21504K, 56% used [0x000000073cc00000,0x000000073d7d7b50,0x000000073e100000)
}
Event: 7.490 GC heap before
{Heap before GC invocations=4 (full 0):
 PSYoungGen      total 57344K, used 57328K [0x00000007c0a00000, 0x00000007c7a00000, 0x0000000800000000)
  eden space 49664K, 100% used [0x00000007c0a00000,0x00000007c3a80000,0x00000007c3a80000)
  from space 7680K, 99% used [0x00000007c3a80000,0x00000007c41fc010,0x00000007c4200000)
  to   space 7680K, 0% used [0x00000007c7280000,0x00000007c7280000,0x00000007c7a00000)
 ParOldGen       total 129536K, used 83655K [0x0000000741e00000, 0x0000000749c80000, 0x00000007c0a00000)
  object space 129536K, 64% used [0x0000000741e00000,0x0000000746fb1d78,0x0000000749c80000)
 PSPermGen       total 21504K, used 14568K [0x000000073cc00000, 0x000000073e100000, 0x0000000741e00000)
  object space 21504K, 67% used [0x000000073cc00000,0x000000073da3a210,0x000000073e100000)
Event: 7.503 GC heap after
Heap after GC invocations=4 (full 0):
 PSYoungGen      total 107008K, used 7648K [0x00000007c0a00000, 0x00000007c7a00000, 0x0000000800000000)
  eden space 99328K, 0% used [0x00000007c0a00000,0x00000007c0a00000,0x00000007c6b00000)
  from space 7680K, 99% used [0x00000007c7280000,0x00000007c79f8020,0x00000007c7a00000)
  to   space 7680K, 0% used [0x00000007c6b00000,0x00000007c6b00000,0x00000007c7280000)
 ParOldGen       total 129536K, used 84608K [0x0000000741e00000, 0x0000000749c80000, 0x00000007c0a00000)
  object space 129536K, 65% used [0x0000000741e00000,0x00000007470a01d8,0x0000000749c80000)
 PSPermGen       total 21504K, used 14568K [0x000000073cc00000, 0x000000073e100000, 0x0000000741e00000)
  object space 21504K, 67% used [0x000000073cc00000,0x000000073da3a210,0x000000073e100000)
}

Deoptimization events (10 events):
Event: 7.434 Thread 0x00000000027be000 Uncommon trap: reason=bimorphic action=maybe_recompile pc=0x0000000002a66738 method=java.util.regex.Pattern$BmpCharProperty.match(Ljava/util/regex/Matcher;ILjava/lang/CharSequence;)Z @ 31
Event: 7.434 Thread 0x00000000027be000 Uncommon trap: reason=class_check action=maybe_recompile pc=0x0000000002a6fe84 method=java.util.regex.Pattern$Curly.match0(Ljava/util/regex/Matcher;IILjava/lang/CharSequence;)Z @ 31
Event: 7.434 Thread 0x00000000027be000 Uncommon trap: reason=class_check action=maybe_recompile pc=0x0000000002a6fe84 method=java.util.regex.Pattern$Curly.match0(Ljava/util/regex/Matcher;IILjava/lang/CharSequence;)Z @ 31
Event: 7.435 Thread 0x00000000027be000 Uncommon trap: reason=class_check action=maybe_recompile pc=0x0000000002a6fe84 method=java.util.regex.Pattern$Curly.match0(Ljava/util/regex/Matcher;IILjava/lang/CharSequence;)Z @ 31
Event: 7.435 Thread 0x00000000027be000 Uncommon trap: reason=class_check action=maybe_recompile pc=0x0000000002a8dba4 method=java.util.regex.Matcher.search(I)Z @ 86
Event: 7.449 Thread 0x00000000027be000 Uncommon trap: reason=class_check action=maybe_recompile pc=0x0000000002a8dba4 method=java.util.regex.Matcher.search(I)Z @ 86
Event: 7.449 Thread 0x00000000027be000 Uncommon trap: reason=class_check action=maybe_recompile pc=0x0000000002a8dba4 method=java.util.regex.Matcher.search(I)Z @ 86
Event: 12.443 Thread 0x000000000f6f6000 Uncommon trap: reason=bimorphic action=maybe_recompile pc=0x0000000002a83e4c method=java.util.AbstractList.listIterator()Ljava/util/ListIterator; @ 2
Event: 12.443 Thread 0x000000000f6f6000 Uncommon trap: reason=bimorphic action=maybe_recompile pc=0x0000000002a83e4c method=java.util.AbstractList.listIterator()Ljava/util/ListIterator; @ 2
Event: 12.443 Thread 0x000000000f6f6000 Uncommon trap: reason=unreached action=reinterpret pc=0x0000000002a84bdc method=java.util.AbstractList.equals(Ljava/lang/Object;)Z @ 2

Internal exceptions (10 events):
Event: 6.974 Thread 0x000000000f6f6000 Threw 0x00000007c0cd9738 at C:\re\jdk7u51\527\hotspot\src\share\vm\prims\jvm.cpp:1244
Event: 6.975 Thread 0x000000000f6f6000 Threw 0x00000007c0cdec68 at C:\re\jdk7u51\527\hotspot\src\share\vm\prims\jvm.cpp:1244
Event: 6.975 Thread 0x000000000f6f6000 Threw 0x00000007c0ce36d8 at C:\re\jdk7u51\527\hotspot\src\share\vm\prims\jvm.cpp:1244
Event: 7.070 Thread 0x00000000027be000 Threw 0x00000007c0f9e708 at C:\re\jdk7u51\527\hotspot\src\share\vm\prims\jvm.cpp:1244
Event: 7.150 Thread 0x00000000027be000 Implicit null exception at 0x0000000002a782ef to 0x0000000002a787dd
Event: 7.445 Thread 0x00000000027be000 Threw 0x00000007c36bea08 at C:\re\jdk7u51\527\hotspot\src\share\vm\prims\jvm.cpp:1244
Event: 7.560 Thread 0x00000000027be000 Threw 0x00000007c0e3a308 at C:\re\jdk7u51\527\hotspot\src\share\vm\prims\jvm.cpp:1244
Event: 7.562 Thread 0x00000000027be000 Threw 0x00000007c0e46528 at C:\re\jdk7u51\527\hotspot\src\share\vm\prims\jvm.cpp:1244
Event: 13.536 Thread 0x000000000f6f6000 Threw 0x00000007c10fa228 at C:\re\jdk7u51\527\hotspot\src\share\vm\prims\jvm.cpp:1248
Event: 13.536 Thread 0x000000000f6f6000 Threw 0x00000007c10fa228 at C:\re\jdk7u51\527\hotspot\src\share\vm\prims\jvm.cpp:1248

Events (10 events):
Event: 13.536 loading class 0x0000000002920540 done
Event: 14.320 Thread 0x00000000029b3800 flushing nmethod 0x0000000002ab1610
Event: 14.540 loading class 0x000000000f5e4950
Event: 14.540 loading class 0x000000000f5e4950 done
Event: 14.540 loading class 0x000000000f5c1000
Event: 14.540 loading class 0x000000000f5c1000 done
Event: 14.540 Thread 0x000000000f6f4800 Thread exited: 0x000000000f6f4800
Event: 14.540 Thread 0x000000000f6f6000 Thread exited: 0x000000000f6f6000
Event: 28.085 loading class 0x000000000293eee0
Event: 28.085 loading class 0x000000000293eee0 done


Dynamic libraries:
0x00007ff6b4400000 - 0x00007ff6b4433000 	C:\Program Files\Java\jdk1.7.0_51\bin\javaw.exe
0x00007ffd08360000 - 0x00007ffd08506000 	C:\WINDOWS\SYSTEM32\ntdll.dll
0x00007ffd08010000 - 0x00007ffd0814a000 	C:\WINDOWS\system32\KERNEL32.DLL
0x00007ffd057a0000 - 0x00007ffd058af000 	C:\WINDOWS\system32\KERNELBASE.dll
0x00007ffd042e0000 - 0x00007ffd04368000 	C:\WINDOWS\system32\apphelp.dll
0x00007ffcf1d30000 - 0x00007ffcf1d7f000 	C:\WINDOWS\AppPatch\AppPatch64\AcGenral.DLL
0x00007ffd081b0000 - 0x00007ffd08257000 	C:\WINDOWS\system32\msvcrt.dll
0x00007ffd05580000 - 0x00007ffd055ab000 	C:\WINDOWS\SYSTEM32\SspiCli.dll
0x00007ffd08260000 - 0x00007ffd082b1000 	C:\WINDOWS\system32\SHLWAPI.dll
0x00007ffd05cb0000 - 0x00007ffd05e21000 	C:\WINDOWS\system32\USER32.dll
0x00007ffd072a0000 - 0x00007ffd07418000 	C:\WINDOWS\system32\ole32.dll
0x00007ffd05e30000 - 0x00007ffd0723f000 	C:\WINDOWS\system32\SHELL32.dll
0x00007ffd04cc0000 - 0x00007ffd04cde000 	C:\WINDOWS\SYSTEM32\USERENV.dll
0x00007ffd079d0000 - 0x00007ffd07a75000 	C:\WINDOWS\system32\ADVAPI32.dll
0x00007ffd02eb0000 - 0x00007ffd02ecb000 	C:\WINDOWS\SYSTEM32\MPR.dll
0x00007ffd07a80000 - 0x00007ffd07bb7000 	C:\WINDOWS\system32\RPCRT4.dll
0x00007ffd07780000 - 0x00007ffd077d7000 	C:\WINDOWS\SYSTEM32\sechost.dll
0x00007ffd07c90000 - 0x00007ffd07e66000 	C:\WINDOWS\SYSTEM32\combase.dll
0x00007ffd07430000 - 0x00007ffd07574000 	C:\WINDOWS\system32\GDI32.dll
0x00007ffd056d0000 - 0x00007ffd056e4000 	C:\WINDOWS\SYSTEM32\profapi.dll
0x00007ffd041f0000 - 0x00007ffd0428f000 	C:\WINDOWS\SYSTEM32\SHCORE.dll
0x00007ffd07980000 - 0x00007ffd079b4000 	C:\WINDOWS\system32\IMM32.DLL
0x00007ffd077e0000 - 0x00007ffd07919000 	C:\WINDOWS\system32\MSCTF.dll
0x00007ffd034d0000 - 0x00007ffd0372a000 	C:\WINDOWS\WinSxS\amd64_microsoft.windows.common-controls_6595b64144ccf1df_6.0.9600.17031_none_6242a4b3ecbb55a1\COMCTL32.dll
0x000000005ff70000 - 0x0000000060042000 	C:\Program Files\Java\jdk1.7.0_51\jre\bin\msvcr100.dll
0x0000000060140000 - 0x0000000060909000 	C:\Program Files\Java\jdk1.7.0_51\jre\bin\server\jvm.dll
0x00007ffcfb9d0000 - 0x00007ffcfb9d9000 	C:\WINDOWS\SYSTEM32\WSOCK32.dll
0x00007ffd01070000 - 0x00007ffd0108f000 	C:\WINDOWS\SYSTEM32\WINMM.dll
0x00007ffd079c0000 - 0x00007ffd079c7000 	C:\WINDOWS\system32\PSAPI.DLL
0x00007ffd08150000 - 0x00007ffd081a8000 	C:\WINDOWS\system32\WS2_32.dll
0x00007ffd00d10000 - 0x00007ffd00d3a000 	C:\WINDOWS\SYSTEM32\WINMMBASE.dll
0x00007ffd07580000 - 0x00007ffd07589000 	C:\WINDOWS\system32\NSI.dll
0x00007ffd05960000 - 0x00007ffd059aa000 	C:\WINDOWS\SYSTEM32\cfgmgr32.dll
0x00007ffd04540000 - 0x00007ffd04566000 	C:\WINDOWS\SYSTEM32\DEVOBJ.dll
0x0000000061790000 - 0x000000006179f000 	C:\Program Files\Java\jdk1.7.0_51\jre\bin\verify.dll
0x0000000060f30000 - 0x0000000060f58000 	C:\Program Files\Java\jdk1.7.0_51\jre\bin\java.dll
0x0000000060f10000 - 0x0000000060f25000 	C:\Program Files\Java\jdk1.7.0_51\jre\bin\zip.dll
0x000000005fdd0000 - 0x000000005ff65000 	C:\Program Files\Java\jdk1.7.0_51\jre\bin\awt.dll
0x00007ffd05be0000 - 0x00007ffd05ca1000 	C:\WINDOWS\system32\OLEAUT32.dll
0x0000000180000000 - 0x0000000180051000 	C:\Users\Sachiko\Documents\GitHub\CS4621\CS4620\deps\native\windows\lwjgl64.dll
0x00007ffceff20000 - 0x00007ffcf0041000 	C:\WINDOWS\SYSTEM32\OPENGL32.dll
0x00007ffd01090000 - 0x00007ffd0109a000 	C:\WINDOWS\SYSTEM32\VERSION.dll
0x00007ffcf35d0000 - 0x00007ffcf35fc000 	C:\WINDOWS\SYSTEM32\GLU32.dll
0x00007ffcf5dd0000 - 0x00007ffcf5ec4000 	C:\WINDOWS\SYSTEM32\DDRAW.dll
0x00007ffcfef60000 - 0x00007ffcfef69000 	C:\WINDOWS\SYSTEM32\DCIMAN32.dll
0x00007ffd03b60000 - 0x00007ffd03b80000 	C:\WINDOWS\system32\DWMAPI.DLL
0x00007ffd04410000 - 0x00007ffd04531000 	C:\WINDOWS\system32\uxtheme.dll
0x00007ffd043f0000 - 0x00007ffd043fa000 	C:\WINDOWS\SYSTEM32\kernel.appcore.dll
0x00007ffd05610000 - 0x00007ffd0561a000 	C:\WINDOWS\SYSTEM32\CRYPTBASE.dll
0x00007ffd055b0000 - 0x00007ffd05610000 	C:\WINDOWS\SYSTEM32\bcryptPrimitives.dll
0x00000000600f0000 - 0x0000000060137000 	C:\Program Files\Java\jdk1.7.0_51\jre\bin\fontmanager.dll
0x0000000060ef0000 - 0x0000000060f09000 	C:\Program Files\Java\jdk1.7.0_51\jre\bin\net.dll
0x00007ffd04f10000 - 0x00007ffd04f68000 	C:\WINDOWS\system32\mswsock.dll
0x0000000060ed0000 - 0x0000000060ee1000 	C:\Program Files\Java\jdk1.7.0_51\jre\bin\nio.dll
0x00000000600a0000 - 0x00000000600e1000 	C:\Program Files\Java\jdk1.7.0_51\jre\bin\t2k.dll
0x00000000617c0000 - 0x00000000617c7000 	C:\Program Files\Java\jdk1.7.0_51\jre\bin\jawt.dll
0x00007ffcf1cd0000 - 0x00007ffcf1d2c000 	C:\WINDOWS\SYSTEM32\nvoglshim64.dll
0x00000000118d0000 - 0x000000001205b000 	C:\WINDOWS\system32\ig7icd64.dll
0x00007ffd01c60000 - 0x00007ffd0209c000 	C:\WINDOWS\SYSTEM32\igdusc64.dll
0x00007ffd04ff0000 - 0x00007ffd05035000 	C:\WINDOWS\SYSTEM32\powrprof.dll
0x00007ffd05040000 - 0x00007ffd0505e000 	C:\WINDOWS\SYSTEM32\CRYPTSP.dll
0x00007ffd04bb0000 - 0x00007ffd04be5000 	C:\WINDOWS\system32\rsaenh.dll
0x00007ffd05280000 - 0x00007ffd052a6000 	C:\WINDOWS\SYSTEM32\bcrypt.dll
0x00007ffcfb010000 - 0x00007ffcfb024000 	C:\WINDOWS\system32\napinsp.dll
0x00007ffcfaff0000 - 0x00007ffcfb009000 	C:\WINDOWS\system32\pnrpnsp.dll
0x00007ffd001b0000 - 0x00007ffd001c9000 	C:\WINDOWS\system32\NLAapi.dll
0x00007ffd04d20000 - 0x00007ffd04dc3000 	C:\WINDOWS\SYSTEM32\DNSAPI.dll
0x00007ffcfafe0000 - 0x00007ffcfafec000 	C:\WINDOWS\System32\winrnr.dll
0x00007ffcfafc0000 - 0x00007ffcfafd3000 	C:\WINDOWS\system32\wshbth.dll
0x0000000061c80000 - 0x0000000061ca6000 	C:\Program Files\Bonjour\mdnsNSP.dll
0x00007ffcffa00000 - 0x00007ffcffa29000 	C:\WINDOWS\SYSTEM32\Iphlpapi.DLL
0x00007ffcff9e0000 - 0x00007ffcff9ea000 	C:\WINDOWS\SYSTEM32\WINNSI.DLL
0x00007ffcfc990000 - 0x00007ffcfc999000 	C:\Windows\System32\rasadhlp.dll
0x00007ffcff570000 - 0x00007ffcff5d8000 	C:\WINDOWS\System32\fwpuclnt.dll

VM Arguments:
jvm_args: -Djava.library.path=C:\Users\Sachiko\Documents\GitHub\CS4621\CS4620;C:\Users\Sachiko\Documents\GitHub\CS4621\TWL\TWL;C:\Users\Sachiko\Documents\GitHub\CS4621\TWL\TWLExamples;C:\Users\Sachiko\Documents\GitHub\CS4621\CS4620\deps\native\linux;C:\Users\Sachiko\Documents\GitHub\CS4621\CS4620\deps\native\windows;C:\Users\Sachiko\Documents\GitHub\CS4621\CS4620\deps\native\windows -Dfile.encoding=Cp1252 
java_command: awtGUI.PaintSceneApp
Launcher Type: SUN_STANDARD

Environment Variables:
CLASSPATH=.;C:\Program Files (x86)\Java\jre7\lib\ext\QTJava.zip
PATH=C:/Program Files/Java/jdk1.7.0_51/bin/../jre/bin/server;C:/Program Files/Java/jdk1.7.0_51/bin/../jre/bin;C:/Program Files/Java/jdk1.7.0_51/bin/../jre/lib/amd64;C:\Program Files (x86)\PHP\;C:\Program Files (x86)\NVIDIA Corporation\PhysX\Common;C:\OCaml\emacs-23.3\bin;C:\Tcl\bin;C:\OCaml\bin;C:\Program Files (x86)\Intel\iCLS Client\;C:\Program Files\Intel\iCLS Client\;C:\Windows\system32;C:\Windows;C:\Windows\System32\Wbem;C:\Windows\System32\WindowsPowerShell\v1.0\;C:\Program Files (x86)\Intel\OpenCL SDK\2.0\bin\x86;C:\Program Files (x86)\Intel\OpenCL SDK\2.0\bin\x64;C:\Program Files\Intel\Intel(R) Management Engine Components\DAL;C:\Program Files\Intel\Intel(R) Management Engine Components\IPT;C:\Program Files (x86)\Intel\Intel(R) Management Engine Components\DAL;C:\Program Files (x86)\Intel\Intel(R) Management Engine Components\IPT;C:\Program Files\Intel\WiFi\bin\;C:\Program Files\Common Files\Intel\WirelessCommon\;C:\Program Files\Sony\VAIO Improvement\;C:\Program Files (x86)\Sony\VAIO Startup Setting Tool;c:\Program Files (x86)\Microsoft SQL Server\100\Tools\Binn\;c:\Program Files\Microsoft SQL Server\100\Tools\Binn\;c:\Program Files\Microsoft SQL Server\100\DTS\Binn\;C:\Program Files (x86)\GnuWin32\bin\;C:\Program Files (x86)\QuickTime\QTSystem\;C:\Program Files (x86)\MiKTeX 2.9\miktex\bin\;C:\Program Files (x86)\MATLAB\R2012a Student\bin;C:\Program Files\Common Files\Autodesk Shared\;C:\Program Files (x86)\Autodesk\Backburner\;C:\Program Files\Java\jdk1.7.0_51\bin;C:\WINDOWS\system32;C:\WINDOWS;C:\WINDOWS\System32\Wbem;C:\WINDOWS\System32\WindowsPowerShell\v1.0\;C:\Python27;C:\Ruby193\bin;C:\Users\Sachiko\Documents\eclipse-juno\eclipse;
USERNAME=Sachiko
OS=Windows_NT
PROCESSOR_IDENTIFIER=Intel64 Family 6 Model 58 Stepping 9, GenuineIntel



---------------  S Y S T E M  ---------------

OS: Windows 8 , 64 bit Build 9200 

CPU:total 8 (4 cores per cpu, 2 threads per core) family 6 model 58 stepping 9, cmov, cx8, fxsr, mmx, sse, sse2, sse3, ssse3, sse4.1, sse4.2, popcnt, avx, aes, erms, ht, tsc, tscinvbit, tscinv

Memory: 4k page, physical 12459288k(5269880k free), swap 21783372k(4108k free)

vm_info: Java HotSpot(TM) 64-Bit Server VM (24.51-b03) for windows-amd64 JRE (1.7.0_51-b13), built on Dec 18 2013 18:40:56 by "java_re" with unknown MS VC++:1600

time: Thu Nov 20 19:05:19 2014
elapsed time: 34 seconds

